# JRE version: Java(TM) SE Runtime Environment (16.0.1+9) (build 16.0.1+9-24)
# Java VM: Java HotSpot(TM) 64-Bit Server VM (16.0.1+9-24, mixed mode, sharing, tiered, compressed oops, compressed class ptrs, g1 gc, bsd-amd64)
GC Precious Log:
 CPUs: 4 total, 4 available
 Memory: 8192M
 Large Page Support: Disabled
 NUMA Support: Disabled
 Compressed Oops: Enabled (Zero based)
 Heap Region Size: 1M
 Heap Min Capacity: 8M
 Heap Initial Capacity: 128M
 Heap Max Capacity: 2G
 Pre-touch: Disabled
 Parallel Workers: 4
 Concurrent Workers: 1
 Concurrent Refinement Workers: 4
 Periodic GC: Disabled
Heap:
 garbage-first heap   total 205824K, used 100065K [0x0000000780000000, 0x0000000800000000)
  region size 1024K, 24 young (24576K), 5 survivors (5120K)
 Metaspace       used 19857K, committed 20160K, reserved 1073152K
  class space    used 2106K, committed 2240K, reserved 1048576K
GC Heap History (20 events):
Event: 10.918 GC heap before
{Heap before GC invocations=1 (full 0):
 garbage-first heap   total 133120K, used 12560K [0x0000000780000000, 0x0000000800000000)
  region size 1024K, 9 young (9216K), 2 survivors (2048K)
 Metaspace       used 9139K, committed 9344K, reserved 1064960K
  class space    used 992K, committed 1088K, reserved 1048576K
}
Event: 10.998 GC heap after
{Heap after GC invocations=2 (full 0):
 garbage-first heap   total 133120K, used 8925K [0x0000000780000000, 0x0000000800000000)
  region size 1024K, 2 young (2048K), 2 survivors (2048K)
 Metaspace       used 9139K, committed 9344K, reserved 1064960K
  class space    used 992K, committed 1088K, reserved 1048576K
}
Event: 11.837 GC heap before
{Heap before GC invocations=2 (full 0):
 garbage-first heap   total 133120K, used 19165K [0x0000000780000000, 0x0000000800000000)
  region size 1024K, 12 young (12288K), 2 survivors (2048K)
 Metaspace       used 9272K, committed 9472K, reserved 1064960K
  class space    used 1003K, committed 1088K, reserved 1048576K
}
Event: 11.920 GC heap after
{Heap after GC invocations=3 (full 0):
 garbage-first heap   total 133120K, used 13069K [0x0000000780000000, 0x0000000800000000)
  region size 1024K, 2 young (2048K), 2 survivors (2048K)
 Metaspace       used 9272K, committed 9472K, reserved 1064960K
  class space    used 1003K, committed 1088K, reserved 1048576K
}
Event: 13.870 GC heap before
{Heap before GC invocations=3 (full 0):
 garbage-first heap   total 133120K, used 31501K [0x0000000780000000, 0x0000000800000000)
  region size 1024K, 21 young (21504K), 2 survivors (2048K)
 Metaspace       used 9278K, committed 9472K, reserved 1064960K
  class space    used 1003K, committed 1088K, reserved 1048576K
}
Event: 14.071 GC heap after
{Heap after GC invocations=4 (full 0):
 garbage-first heap   total 133120K, used 20779K [0x0000000780000000, 0x0000000800000000)
  region size 1024K, 3 young (3072K), 3 survivors (3072K)
 Metaspace       used 9278K, committed 9472K, reserved 1064960K
  class space    used 1003K, committed 1088K, reserved 1048576K
}
Event: 15.996 GC heap before
{Heap before GC invocations=4 (full 0):
 garbage-first heap   total 133120K, used 37163K [0x0000000780000000, 0x0000000800000000)
  region size 1024K, 19 young (19456K), 3 survivors (3072K)
 Metaspace       used 9282K, committed 9472K, reserved 1064960K
  class space    used 1003K, committed 1088K, reserved 1048576K
}
Event: 16.112 GC heap after
{Heap after GC invocations=5 (full 0):
 garbage-first heap   total 205824K, used 26568K [0x0000000780000000, 0x0000000800000000)
  region size 1024K, 3 young (3072K), 3 survivors (3072K)
 Metaspace       used 9282K, committed 9472K, reserved 1064960K
  class space    used 1003K, committed 1088K, reserved 1048576K
}
Event: 17.044 GC heap before
{Heap before GC invocations=5 (full 0):
 garbage-first heap   total 205824K, used 41928K [0x0000000780000000, 0x0000000800000000)
  region size 1024K, 19 young (19456K), 3 survivors (3072K)
 Metaspace       used 9282K, committed 9472K, reserved 1064960K
  class space    used 1003K, committed 1088K, reserved 1048576K
}
Event: 17.163 GC heap after
{Heap after GC invocations=6 (full 0):
 garbage-first heap   total 205824K, used 33736K [0x0000000780000000, 0x0000000800000000)
  region size 1024K, 3 young (3072K), 3 survivors (3072K)
 Metaspace       used 9282K, committed 9472K, reserved 1064960K
  class space    used 1003K, committed 1088K, reserved 1048576K
}
Event: 18.318 GC heap before
{Heap before GC invocations=6 (full 0):
 garbage-first heap   total 205824K, used 57288K [0x0000000780000000, 0x0000000800000000)
  region size 1024K, 26 young (26624K), 3 survivors (3072K)
 Metaspace       used 9282K, committed 9472K, reserved 1064960K
  class space    used 1003K, committed 1088K, reserved 1048576K
}
Event: 18.482 GC heap after
{Heap after GC invocations=7 (full 0):
 garbage-first heap   total 205824K, used 42952K [0x0000000780000000, 0x0000000800000000)
  region size 1024K, 4 young (4096K), 4 survivors (4096K)
 Metaspace       used 9282K, committed 9472K, reserved 1064960K
  class space    used 1003K, committed 1088K, reserved 1048576K
}
Event: 35.042 GC heap before
{Heap before GC invocations=7 (full 0):
 garbage-first heap   total 205824K, used 66504K [0x0000000780000000, 0x0000000800000000)
  region size 1024K, 23 young (23552K), 4 survivors (4096K)
 Metaspace       used 14618K, committed 14912K, reserved 1064960K
  class space    used 1622K, committed 1792K, reserved 1048576K
}
Event: 35.258 GC heap after
{Heap after GC invocations=8 (full 0):
 garbage-first heap   total 205824K, used 59080K [0x0000000780000000, 0x0000000800000000)
  region size 1024K, 3 young (3072K), 3 survivors (3072K)
 Metaspace       used 14618K, committed 14912K, reserved 1064960K
  class space    used 1622K, committed 1792K, reserved 1048576K
}
Event: 54.414 GC heap before
{Heap before GC invocations=8 (full 0):
 garbage-first heap   total 205824K, used 79560K [0x0000000780000000, 0x0000000800000000)
  region size 1024K, 23 young (23552K), 3 survivors (3072K)
 Metaspace       used 17779K, committed 18048K, reserved 1073152K
  class space    used 1964K, committed 2112K, reserved 1048576K
}
Event: 54.564 GC heap after
{Heap after GC invocations=9 (full 0):
 garbage-first heap   total 205824K, used 59143K [0x0000000780000000, 0x0000000800000000)
  region size 1024K, 3 young (3072K), 3 survivors (3072K)
 Metaspace       used 17779K, committed 18048K, reserved 1073152K
  class space    used 1964K, committed 2112K, reserved 1048576K
}
Event: 61.806 GC heap before
{Heap before GC invocations=9 (full 0):
 garbage-first heap   total 205824K, used 70407K [0x0000000780000000, 0x0000000800000000)
  region size 1024K, 14 young (14336K), 3 survivors (3072K)
 Metaspace       used 18146K, committed 18432K, reserved 1073152K
  class space    used 2003K, committed 2112K, reserved 1048576K
}
Event: 61.848 GC heap after
{Heap after GC invocations=10 (full 0):
 garbage-first heap   total 205824K, used 61384K [0x0000000780000000, 0x0000000800000000)
  region size 1024K, 2 young (2048K), 2 survivors (2048K)
 Metaspace       used 18146K, committed 18432K, reserved 1073152K
  class space    used 2003K, committed 2112K, reserved 1048576K
}
Event: 175.441 GC heap before
{Heap before GC invocations=10 (full 0):
 garbage-first heap   total 205824K, used 99272K [0x0000000780000000, 0x0000000800000000)
  region size 1024K, 33 young (33792K), 2 survivors (2048K)
 Metaspace       used 19407K, committed 19712K, reserved 1073152K
  class space    used 2073K, committed 2240K, reserved 1048576K
}
Event: 175.553 GC heap after
{Heap after GC invocations=11 (full 0):
 garbage-first heap   total 205824K, used 81633K [0x0000000780000000, 0x0000000800000000)
  region size 1024K, 5 young (5120K), 5 survivors (5120K)
 Metaspace       used 19407K, committed 19712K, reserved 1073152K
  class space    used 2073K, committed 2240K, reserved 1048576K
}

