# JRE version: Java(TM) SE Runtime Environment (16.0.1+9) (build 16.0.1+9-24)
# Java VM: Java HotSpot(TM) 64-Bit Server VM (16.0.1+9-24, mixed mode, sharing, tiered, compressed oops, compressed class ptrs, g1 gc, bsd-amd64)
GC Precious Log:
 CPUs: 4 total, 4 available
 Memory: 8192M
 Large Page Support: Disabled
 NUMA Support: Disabled
 Compressed Oops: Enabled (Zero based)
 Heap Region Size: 1M
 Heap Min Capacity: 8M
 Heap Initial Capacity: 128M
 Heap Max Capacity: 2G
 Pre-touch: Disabled
 Parallel Workers: 4
 Concurrent Workers: 1
 Concurrent Refinement Workers: 4
 Periodic GC: Disabled
Heap:
 garbage-first heap   total 226304K, used 89174K [0x0000000780000000, 0x0000000800000000)
  region size 1024K, 16 young (16384K), 3 survivors (3072K)
 Metaspace       used 19438K, committed 19712K, reserved 1073152K
  class space    used 2069K, committed 2176K, reserved 1048576K
GC Heap History (20 events):
Event: 7.177 GC heap before
{Heap before GC invocations=0 (full 0):
 garbage-first heap   total 133120K, used 13256K [0x0000000780000000, 0x0000000800000000)
  region size 1024K, 13 young (13312K), 0 survivors (0K)
 Metaspace       used 8435K, committed 8640K, reserved 1056768K
  class space    used 931K, committed 1024K, reserved 1048576K
}
Event: 7.258 GC heap after
{Heap after GC invocations=1 (full 0):
 garbage-first heap   total 133120K, used 5444K [0x0000000780000000, 0x0000000800000000)
  region size 1024K, 2 young (2048K), 2 survivors (2048K)
 Metaspace       used 8435K, committed 8640K, reserved 1056768K
  class space    used 931K, committed 1024K, reserved 1048576K
}
Event: 9.415 GC heap before
{Heap before GC invocations=1 (full 0):
 garbage-first heap   total 133120K, used 12612K [0x0000000780000000, 0x0000000800000000)
  region size 1024K, 10 young (10240K), 2 survivors (2048K)
 Metaspace       used 9138K, committed 9344K, reserved 1064960K
  class space    used 992K, committed 1088K, reserved 1048576K
}
Event: 9.483 GC heap after
{Heap after GC invocations=2 (full 0):
 garbage-first heap   total 133120K, used 9254K [0x0000000780000000, 0x0000000800000000)
  region size 1024K, 2 young (2048K), 2 survivors (2048K)
 Metaspace       used 9138K, committed 9344K, reserved 1064960K
  class space    used 992K, committed 1088K, reserved 1048576K
}
Event: 10.379 GC heap before
{Heap before GC invocations=2 (full 0):
 garbage-first heap   total 133120K, used 20518K [0x0000000780000000, 0x0000000800000000)
  region size 1024K, 13 young (13312K), 2 survivors (2048K)
 Metaspace       used 9256K, committed 9472K, reserved 1064960K
  class space    used 1003K, committed 1088K, reserved 1048576K
}
Event: 10.466 GC heap after
{Heap after GC invocations=3 (full 0):
 garbage-first heap   total 133120K, used 14265K [0x0000000780000000, 0x0000000800000000)
  region size 1024K, 2 young (2048K), 2 survivors (2048K)
 Metaspace       used 9256K, committed 9472K, reserved 1064960K
  class space    used 1003K, committed 1088K, reserved 1048576K
}
Event: 11.401 GC heap before
{Heap before GC invocations=3 (full 0):
 garbage-first heap   total 133120K, used 32697K [0x0000000780000000, 0x0000000800000000)
  region size 1024K, 20 young (20480K), 2 survivors (2048K)
 Metaspace       used 9262K, committed 9472K, reserved 1064960K
  class space    used 1003K, committed 1088K, reserved 1048576K
}
Event: 11.534 GC heap after
{Heap after GC invocations=4 (full 0):
 garbage-first heap   total 133120K, used 21448K [0x0000000780000000, 0x0000000800000000)
  region size 1024K, 3 young (3072K), 3 survivors (3072K)
 Metaspace       used 9262K, committed 9472K, reserved 1064960K
  class space    used 1003K, committed 1088K, reserved 1048576K
}
Event: 12.702 GC heap before
{Heap before GC invocations=4 (full 0):
 garbage-first heap   total 133120K, used 40904K [0x0000000780000000, 0x0000000800000000)
  region size 1024K, 23 young (23552K), 3 survivors (3072K)
 Metaspace       used 9266K, committed 9472K, reserved 1064960K
  class space    used 1003K, committed 1088K, reserved 1048576K
}
Event: 12.872 GC heap after
{Heap after GC invocations=5 (full 0):
 garbage-first heap   total 226304K, used 29329K [0x0000000780000000, 0x0000000800000000)
  region size 1024K, 3 young (3072K), 3 survivors (3072K)
 Metaspace       used 9266K, committed 9472K, reserved 1064960K
  class space    used 1003K, committed 1088K, reserved 1048576K
}
Event: 14.189 GC heap before
{Heap before GC invocations=5 (full 0):
 garbage-first heap   total 226304K, used 50833K [0x0000000780000000, 0x0000000800000000)
  region size 1024K, 24 young (24576K), 3 survivors (3072K)
 Metaspace       used 9266K, committed 9472K, reserved 1064960K
  class space    used 1003K, committed 1088K, reserved 1048576K
}
Event: 14.337 GC heap after
{Heap after GC invocations=6 (full 0):
 garbage-first heap   total 226304K, used 37829K [0x0000000780000000, 0x0000000800000000)
  region size 1024K, 3 young (3072K), 3 survivors (3072K)
 Metaspace       used 9266K, committed 9472K, reserved 1064960K
  class space    used 1003K, committed 1088K, reserved 1048576K
}
Event: 16.841 GC heap before
{Heap before GC invocations=6 (full 0):
 garbage-first heap   total 226304K, used 58309K [0x0000000780000000, 0x0000000800000000)
  region size 1024K, 23 young (23552K), 3 survivors (3072K)
 Metaspace       used 10379K, committed 10496K, reserved 1064960K
  class space    used 1100K, committed 1152K, reserved 1048576K
}
Event: 16.962 GC heap after
{Heap after GC invocations=7 (full 0):
 garbage-first heap   total 226304K, used 45000K [0x0000000780000000, 0x0000000800000000)
  region size 1024K, 3 young (3072K), 3 survivors (3072K)
 Metaspace       used 10379K, committed 10496K, reserved 1064960K
  class space    used 1100K, committed 1152K, reserved 1048576K
}
Event: 45.064 GC heap before
{Heap before GC invocations=7 (full 0):
 garbage-first heap   total 226304K, used 73672K [0x0000000780000000, 0x0000000800000000)
  region size 1024K, 27 young (27648K), 3 survivors (3072K)
 Metaspace       used 18425K, committed 18752K, reserved 1073152K
  class space    used 2022K, committed 2176K, reserved 1048576K
}
Event: 45.246 GC heap after
{Heap after GC invocations=8 (full 0):
 garbage-first heap   total 226304K, used 63394K [0x0000000780000000, 0x0000000800000000)
  region size 1024K, 4 young (4096K), 4 survivors (4096K)
 Metaspace       used 18425K, committed 18752K, reserved 1073152K
  class space    used 2022K, committed 2176K, reserved 1048576K
}
Event: 51.267 GC heap before
{Heap before GC invocations=8 (full 0):
 garbage-first heap   total 226304K, used 90018K [0x0000000780000000, 0x0000000800000000)
  region size 1024K, 30 young (30720K), 4 survivors (4096K)
 Metaspace       used 18617K, committed 18880K, reserved 1073152K
  class space    used 2028K, committed 2176K, reserved 1048576K
}
Event: 51.314 GC heap after
{Heap after GC invocations=9 (full 0):
 garbage-first heap   total 226304K, used 69967K [0x0000000780000000, 0x0000000800000000)
  region size 1024K, 4 young (4096K), 4 survivors (4096K)
 Metaspace       used 18617K, committed 18880K, reserved 1073152K
  class space    used 2028K, committed 2176K, reserved 1048576K
}
Event: 62.798 GC heap before
{Heap before GC invocations=9 (full 0):
 garbage-first heap   total 226304K, used 86351K [0x0000000780000000, 0x0000000800000000)
  region size 1024K, 20 young (20480K), 4 survivors (4096K)
 Metaspace       used 18999K, committed 19264K, reserved 1073152K
  class space    used 2054K, committed 2176K, reserved 1048576K
}
Event: 62.861 GC heap after
{Heap after GC invocations=10 (full 0):
 garbage-first heap   total 226304K, used 70742K [0x0000000780000000, 0x0000000800000000)
  region size 1024K, 3 young (3072K), 3 survivors (3072K)
 Metaspace       used 18999K, committed 19264K, reserved 1073152K
  class space    used 2054K, committed 2176K, reserved 1048576K
}

