# JRE version: Java(TM) SE Runtime Environment (16.0.1+9) (build 16.0.1+9-24)
# Java VM: Java HotSpot(TM) 64-Bit Server VM (16.0.1+9-24, mixed mode, sharing, tiered, compressed oops, compressed class ptrs, g1 gc, bsd-amd64)
GC Precious Log:
 CPUs: 4 total, 4 available
 Memory: 8192M
 Large Page Support: Disabled
 NUMA Support: Disabled
 Compressed Oops: Enabled (Zero based)
 Heap Region Size: 1M
 Heap Min Capacity: 8M
 Heap Initial Capacity: 128M
 Heap Max Capacity: 2G
 Pre-touch: Disabled
 Parallel Workers: 4
 Concurrent Workers: 1
 Concurrent Refinement Workers: 4
 Periodic GC: Disabled
Heap:
 garbage-first heap   total 293888K, used 134848K [0x0000000780000000, 0x0000000800000000)
  region size 1024K, 11 young (11264K), 3 survivors (3072K)
 Metaspace       used 22461K, committed 22784K, reserved 1073152K
  class space    used 2143K, committed 2304K, reserved 1048576K
GC Heap History (20 events):
Event: 5985.860 GC heap before
{Heap before GC invocations=1555 (full 7):
 garbage-first heap   total 293888K, used 140545K [0x0000000780000000, 0x0000000800000000)
  region size 1024K, 13 young (13312K), 1 survivors (1024K)
 Metaspace       used 22360K, committed 22592K, reserved 1073152K
  class space    used 2138K, committed 2304K, reserved 1048576K
}
Event: 5985.861 GC heap after
{Heap after GC invocations=1556 (full 7):
 garbage-first heap   total 293888K, used 127179K [0x0000000780000000, 0x0000000800000000)
  region size 1024K, 2 young (2048K), 2 survivors (2048K)
 Metaspace       used 22360K, committed 22592K, reserved 1073152K
  class space    used 2138K, committed 2304K, reserved 1048576K
}
Event: 5986.067 GC heap before
{Heap before GC invocations=1556 (full 7):
 garbage-first heap   total 293888K, used 134347K [0x0000000780000000, 0x0000000800000000)
  region size 1024K, 7 young (7168K), 2 survivors (2048K)
 Metaspace       used 22360K, committed 22592K, reserved 1073152K
  class space    used 2138K, committed 2304K, reserved 1048576K
}
Event: 5986.068 GC heap after
{Heap after GC invocations=1557 (full 7):
 garbage-first heap   total 293888K, used 120068K [0x0000000780000000, 0x0000000800000000)
  region size 1024K, 1 young (1024K), 1 survivors (1024K)
 Metaspace       used 22360K, committed 22592K, reserved 1073152K
  class space    used 2138K, committed 2304K, reserved 1048576K
}
Event: 5993.905 GC heap before
{Heap before GC invocations=1557 (full 7):
 garbage-first heap   total 293888K, used 139524K [0x0000000780000000, 0x0000000800000000)
  region size 1024K, 12 young (12288K), 1 survivors (1024K)
 Metaspace       used 22360K, committed 22592K, reserved 1073152K
  class space    used 2138K, committed 2304K, reserved 1048576K
}
Event: 5993.907 GC heap after
{Heap after GC invocations=1558 (full 7):
 garbage-first heap   total 293888K, used 127061K [0x0000000780000000, 0x0000000800000000)
  region size 1024K, 2 young (2048K), 2 survivors (2048K)
 Metaspace       used 22360K, committed 22592K, reserved 1073152K
  class space    used 2138K, committed 2304K, reserved 1048576K
}
Event: 5994.236 GC heap before
{Heap before GC invocations=1558 (full 7):
 garbage-first heap   total 293888K, used 134229K [0x0000000780000000, 0x0000000800000000)
  region size 1024K, 7 young (7168K), 2 survivors (2048K)
 Metaspace       used 22360K, committed 22592K, reserved 1073152K
  class space    used 2138K, committed 2304K, reserved 1048576K
}
Event: 5994.237 GC heap after
{Heap after GC invocations=1559 (full 7):
 garbage-first heap   total 293888K, used 120081K [0x0000000780000000, 0x0000000800000000)
  region size 1024K, 1 young (1024K), 1 survivors (1024K)
 Metaspace       used 22360K, committed 22592K, reserved 1073152K
  class space    used 2138K, committed 2304K, reserved 1048576K
}
Event: 5996.336 GC heap before
{Heap before GC invocations=1559 (full 7):
 garbage-first heap   total 293888K, used 140561K [0x0000000780000000, 0x0000000800000000)
  region size 1024K, 13 young (13312K), 1 survivors (1024K)
 Metaspace       used 22360K, committed 22592K, reserved 1073152K
  class space    used 2138K, committed 2304K, reserved 1048576K
}
Event: 5996.337 GC heap after
{Heap after GC invocations=1560 (full 7):
 garbage-first heap   total 293888K, used 127247K [0x0000000780000000, 0x0000000800000000)
  region size 1024K, 2 young (2048K), 2 survivors (2048K)
 Metaspace       used 22360K, committed 22592K, reserved 1073152K
  class space    used 2138K, committed 2304K, reserved 1048576K
}
Event: 5996.679 GC heap before
{Heap before GC invocations=1560 (full 7):
 garbage-first heap   total 293888K, used 134415K [0x0000000780000000, 0x0000000800000000)
  region size 1024K, 7 young (7168K), 2 survivors (2048K)
 Metaspace       used 22360K, committed 22592K, reserved 1073152K
  class space    used 2138K, committed 2304K, reserved 1048576K
}
Event: 5996.681 GC heap after
{Heap after GC invocations=1561 (full 7):
 garbage-first heap   total 293888K, used 120239K [0x0000000780000000, 0x0000000800000000)
  region size 1024K, 2 young (2048K), 2 survivors (2048K)
 Metaspace       used 22360K, committed 22592K, reserved 1073152K
  class space    used 2138K, committed 2304K, reserved 1048576K
}
Event: 6000.276 GC heap before
{Heap before GC invocations=1561 (full 7):
 garbage-first heap   total 293888K, used 141743K [0x0000000780000000, 0x0000000800000000)
  region size 1024K, 15 young (15360K), 2 survivors (2048K)
 Metaspace       used 22360K, committed 22592K, reserved 1073152K
  class space    used 2138K, committed 2304K, reserved 1048576K
}
Event: 6000.278 GC heap after
{Heap after GC invocations=1562 (full 7):
 garbage-first heap   total 293888K, used 127720K [0x0000000780000000, 0x0000000800000000)
  region size 1024K, 3 young (3072K), 3 survivors (3072K)
 Metaspace       used 22360K, committed 22592K, reserved 1073152K
  class space    used 2138K, committed 2304K, reserved 1048576K
}
Event: 6001.733 GC heap before
{Heap before GC invocations=1562 (full 7):
 garbage-first heap   total 293888K, used 135912K [0x0000000780000000, 0x0000000800000000)
  region size 1024K, 9 young (9216K), 3 survivors (3072K)
 Metaspace       used 22360K, committed 22592K, reserved 1073152K
  class space    used 2138K, committed 2304K, reserved 1048576K
}
Event: 6001.735 GC heap after
{Heap after GC invocations=1563 (full 7):
 garbage-first heap   total 293888K, used 121053K [0x0000000780000000, 0x0000000800000000)
  region size 1024K, 2 young (2048K), 2 survivors (2048K)
 Metaspace       used 22360K, committed 22592K, reserved 1073152K
  class space    used 2138K, committed 2304K, reserved 1048576K
}
Event: 6012.174 GC heap before
{Heap before GC invocations=1563 (full 7):
 garbage-first heap   total 293888K, used 149725K [0x0000000780000000, 0x0000000800000000)
  region size 1024K, 22 young (22528K), 2 survivors (2048K)
 Metaspace       used 22461K, committed 22784K, reserved 1073152K
  class space    used 2143K, committed 2304K, reserved 1048576K
}
Event: 6012.176 GC heap after
{Heap after GC invocations=1564 (full 7):
 garbage-first heap   total 293888K, used 129849K [0x0000000780000000, 0x0000000800000000)
  region size 1024K, 5 young (5120K), 5 survivors (5120K)
 Metaspace       used 22461K, committed 22784K, reserved 1073152K
  class space    used 2143K, committed 2304K, reserved 1048576K
}
Event: 6012.846 GC heap before
{Heap before GC invocations=1564 (full 7):
 garbage-first heap   total 293888K, used 139065K [0x0000000780000000, 0x0000000800000000)
  region size 1024K, 12 young (12288K), 5 survivors (5120K)
 Metaspace       used 22461K, committed 22784K, reserved 1073152K
  class space    used 2143K, committed 2304K, reserved 1048576K
}
Event: 6012.848 GC heap after
{Heap after GC invocations=1565 (full 7):
 garbage-first heap   total 293888K, used 121536K [0x0000000780000000, 0x0000000800000000)
  region size 1024K, 3 young (3072K), 3 survivors (3072K)
 Metaspace       used 22461K, committed 22784K, reserved 1073152K
  class space    used 2143K, committed 2304K, reserved 1048576K
}

