# JRE version: Java(TM) SE Runtime Environment (16.0.1+9) (build 16.0.1+9-24)
# Java VM: Java HotSpot(TM) 64-Bit Server VM (16.0.1+9-24, mixed mode, sharing, tiered, compressed oops, compressed class ptrs, g1 gc, bsd-amd64)
GC Precious Log:
 CPUs: 4 total, 4 available
 Memory: 8192M
 Large Page Support: Disabled
 NUMA Support: Disabled
 Compressed Oops: Enabled (Zero based)
 Heap Region Size: 1M
 Heap Min Capacity: 8M
 Heap Initial Capacity: 128M
 Heap Max Capacity: 2G
 Pre-touch: Disabled
 Parallel Workers: 4
 Concurrent Workers: 1
 Concurrent Refinement Workers: 4
 Periodic GC: Disabled
Heap:
 garbage-first heap   total 276480K, used 117028K [0x0000000780000000, 0x0000000800000000)
  region size 1024K, 25 young (25600K), 7 survivors (7168K)
 Metaspace       used 19799K, committed 20032K, reserved 1073152K
  class space    used 2071K, committed 2176K, reserved 1048576K
GC Heap History (16 events):
Event: 2.390 GC heap before
{Heap before GC invocations=0 (full 0):
 garbage-first heap   total 133120K, used 13256K [0x0000000780000000, 0x0000000800000000)
  region size 1024K, 13 young (13312K), 0 survivors (0K)
 Metaspace       used 8442K, committed 8640K, reserved 1056768K
  class space    used 928K, committed 1024K, reserved 1048576K
}
Event: 2.398 GC heap after
{Heap after GC invocations=1 (full 0):
 garbage-first heap   total 133120K, used 5536K [0x0000000780000000, 0x0000000800000000)
  region size 1024K, 2 young (2048K), 2 survivors (2048K)
 Metaspace       used 8442K, committed 8640K, reserved 1056768K
  class space    used 928K, committed 1024K, reserved 1048576K
}
Event: 2.624 GC heap before
{Heap before GC invocations=1 (full 0):
 garbage-first heap   total 133120K, used 21920K [0x0000000780000000, 0x0000000800000000)
  region size 1024K, 18 young (18432K), 2 survivors (2048K)
 Metaspace       used 9244K, committed 9408K, reserved 1064960K
  class space    used 999K, committed 1088K, reserved 1048576K
}
Event: 2.635 GC heap after
{Heap after GC invocations=2 (full 0):
 garbage-first heap   total 133120K, used 12695K [0x0000000780000000, 0x0000000800000000)
  region size 1024K, 3 young (3072K), 3 survivors (3072K)
 Metaspace       used 9244K, committed 9408K, reserved 1064960K
  class space    used 999K, committed 1088K, reserved 1048576K
}
Event: 2.701 GC heap before
{Heap before GC invocations=2 (full 0):
 garbage-first heap   total 133120K, used 29079K [0x0000000780000000, 0x0000000800000000)
  region size 1024K, 20 young (20480K), 3 survivors (3072K)
 Metaspace       used 9253K, committed 9408K, reserved 1064960K
  class space    used 999K, committed 1088K, reserved 1048576K
}
Event: 2.714 GC heap after
{Heap after GC invocations=3 (full 0):
 garbage-first heap   total 133120K, used 19822K [0x0000000780000000, 0x0000000800000000)
  region size 1024K, 3 young (3072K), 3 survivors (3072K)
 Metaspace       used 9253K, committed 9408K, reserved 1064960K
  class space    used 999K, committed 1088K, reserved 1048576K
}
Event: 2.815 GC heap before
{Heap before GC invocations=3 (full 0):
 garbage-first heap   total 133120K, used 46446K [0x0000000780000000, 0x0000000800000000)
  region size 1024K, 29 young (29696K), 3 survivors (3072K)
 Metaspace       used 9257K, committed 9408K, reserved 1064960K
  class space    used 999K, committed 1088K, reserved 1048576K
}
Event: 2.832 GC heap after
{Heap after GC invocations=4 (full 0):
 garbage-first heap   total 133120K, used 30664K [0x0000000780000000, 0x0000000800000000)
  region size 1024K, 4 young (4096K), 4 survivors (4096K)
 Metaspace       used 9257K, committed 9408K, reserved 1064960K
  class space    used 999K, committed 1088K, reserved 1048576K
}
Event: 3.182 GC heap before
{Heap before GC invocations=4 (full 0):
 garbage-first heap   total 133120K, used 62408K [0x0000000780000000, 0x0000000800000000)
  region size 1024K, 35 young (35840K), 4 survivors (4096K)
 Metaspace       used 9262K, committed 9408K, reserved 1064960K
  class space    used 999K, committed 1088K, reserved 1048576K
}
Event: 3.269 GC heap after
{Heap after GC invocations=5 (full 0):
 garbage-first heap   total 133120K, used 42952K [0x0000000780000000, 0x0000000800000000)
  region size 1024K, 5 young (5120K), 5 survivors (5120K)
 Metaspace       used 9262K, committed 9408K, reserved 1064960K
  class space    used 999K, committed 1088K, reserved 1048576K
}
Event: 8.330 GC heap before
{Heap before GC invocations=5 (full 0):
 garbage-first heap   total 133120K, used 73672K [0x0000000780000000, 0x0000000800000000)
  region size 1024K, 36 young (36864K), 5 survivors (5120K)
 Metaspace       used 14732K, committed 15040K, reserved 1064960K
  class space    used 1580K, committed 1728K, reserved 1048576K
}
Event: 8.346 GC heap after
{Heap after GC invocations=6 (full 0):
 garbage-first heap   total 276480K, used 50113K [0x0000000780000000, 0x0000000800000000)
  region size 1024K, 5 young (5120K), 5 survivors (5120K)
 Metaspace       used 14732K, committed 15040K, reserved 1064960K
  class space    used 1580K, committed 1728K, reserved 1048576K
}
Event: 16.487 GC heap before
{Heap before GC invocations=6 (full 0):
 garbage-first heap   total 276480K, used 101313K [0x0000000780000000, 0x0000000800000000)
  region size 1024K, 50 young (51200K), 5 survivors (5120K)
 Metaspace       used 18821K, committed 19072K, reserved 1073152K
  class space    used 2028K, committed 2176K, reserved 1048576K
}
Event: 16.591 GC heap after
{Heap after GC invocations=7 (full 0):
 garbage-first heap   total 276480K, used 73007K [0x0000000780000000, 0x0000000800000000)
  region size 1024K, 7 young (7168K), 7 survivors (7168K)
 Metaspace       used 18821K, committed 19072K, reserved 1073152K
  class space    used 2028K, committed 2176K, reserved 1048576K
}
Event: 77.622 GC heap before
{Heap before GC invocations=7 (full 0):
 garbage-first heap   total 276480K, used 133423K [0x0000000780000000, 0x0000000800000000)
  region size 1024K, 49 young (50176K), 7 survivors (7168K)
 Metaspace       used 19481K, committed 19712K, reserved 1073152K
  class space    used 2063K, committed 2176K, reserved 1048576K
}
Event: 77.654 GC heap after
{Heap after GC invocations=8 (full 0):
 garbage-first heap   total 276480K, used 93476K [0x0000000780000000, 0x0000000800000000)
  region size 1024K, 7 young (7168K), 7 survivors (7168K)
 Metaspace       used 19481K, committed 19712K, reserved 1073152K
  class space    used 2063K, committed 2176K, reserved 1048576K
}

