# JRE version: Java(TM) SE Runtime Environment (16.0.1+9) (build 16.0.1+9-24)
# Java VM: Java HotSpot(TM) 64-Bit Server VM (16.0.1+9-24, mixed mode, sharing, tiered, compressed oops, compressed class ptrs, g1 gc, bsd-amd64)
GC Precious Log:
 CPUs: 4 total, 4 available
 Memory: 8192M
 Large Page Support: Disabled
 NUMA Support: Disabled
 Compressed Oops: Enabled (Zero based)
 Heap Region Size: 1M
 Heap Min Capacity: 8M
 Heap Initial Capacity: 128M
 Heap Max Capacity: 2G
 Pre-touch: Disabled
 Parallel Workers: 4
 Concurrent Workers: 1
 Concurrent Refinement Workers: 4
 Periodic GC: Disabled
Heap:
 garbage-first heap   total 266240K, used 113125K [0x0000000780000000, 0x0000000800000000)
  region size 1024K, 14 young (14336K), 10 survivors (10240K)
 Metaspace       used 20172K, committed 20480K, reserved 1073152K
  class space    used 2037K, committed 2176K, reserved 1048576K
GC Heap History (20 events):
Event: 494.747 GC heap before
{Heap before GC invocations=34 (full 0):
 garbage-first heap   total 266240K, used 143373K [0x0000000780000000, 0x0000000800000000)
  region size 1024K, 27 young (27648K), 3 survivors (3072K)
 Metaspace       used 19698K, committed 19968K, reserved 1073152K
  class space    used 2029K, committed 2176K, reserved 1048576K
}
Event: 494.749 GC heap after
{Heap after GC invocations=35 (full 0):
 garbage-first heap   total 266240K, used 88506K [0x0000000780000000, 0x0000000800000000)
  region size 1024K, 2 young (2048K), 2 survivors (2048K)
 Metaspace       used 19698K, committed 19968K, reserved 1073152K
  class space    used 2029K, committed 2176K, reserved 1048576K
}
Event: 497.712 GC heap before
{Heap before GC invocations=35 (full 0):
 garbage-first heap   total 266240K, used 150970K [0x0000000780000000, 0x0000000800000000)
  region size 1024K, 34 young (34816K), 2 survivors (2048K)
 Metaspace       used 19714K, committed 20032K, reserved 1073152K
  class space    used 2029K, committed 2176K, reserved 1048576K
}
Event: 497.713 GC heap after
{Heap after GC invocations=36 (full 0):
 garbage-first heap   total 266240K, used 97403K [0x0000000780000000, 0x0000000800000000)
  region size 1024K, 2 young (2048K), 2 survivors (2048K)
 Metaspace       used 19714K, committed 20032K, reserved 1073152K
  class space    used 2029K, committed 2176K, reserved 1048576K
}
Event: 498.840 GC heap before
{Heap before GC invocations=36 (full 0):
 garbage-first heap   total 266240K, used 139387K [0x0000000780000000, 0x0000000800000000)
  region size 1024K, 23 young (23552K), 2 survivors (2048K)
 Metaspace       used 19715K, committed 20032K, reserved 1073152K
  class space    used 2029K, committed 2176K, reserved 1048576K
}
Event: 498.841 GC heap after
{Heap after GC invocations=37 (full 0):
 garbage-first heap   total 266240K, used 87251K [0x0000000780000000, 0x0000000800000000)
  region size 1024K, 1 young (1024K), 1 survivors (1024K)
 Metaspace       used 19715K, committed 20032K, reserved 1073152K
  class space    used 2029K, committed 2176K, reserved 1048576K
}
Event: 501.679 GC heap before
{Heap before GC invocations=37 (full 0):
 garbage-first heap   total 266240K, used 148691K [0x0000000780000000, 0x0000000800000000)
  region size 1024K, 32 young (32768K), 1 survivors (1024K)
 Metaspace       used 19716K, committed 20032K, reserved 1073152K
  class space    used 2029K, committed 2176K, reserved 1048576K
}
Event: 501.680 GC heap after
{Heap after GC invocations=38 (full 0):
 garbage-first heap   total 266240K, used 97050K [0x0000000780000000, 0x0000000800000000)
  region size 1024K, 1 young (1024K), 1 survivors (1024K)
 Metaspace       used 19716K, committed 20032K, reserved 1073152K
  class space    used 2029K, committed 2176K, reserved 1048576K
}
Event: 503.531 GC heap before
{Heap before GC invocations=38 (full 0):
 garbage-first heap   total 266240K, used 141082K [0x0000000780000000, 0x0000000800000000)
  region size 1024K, 24 young (24576K), 1 survivors (1024K)
 Metaspace       used 19716K, committed 20032K, reserved 1073152K
  class space    used 2029K, committed 2176K, reserved 1048576K
}
Event: 503.532 GC heap after
{Heap after GC invocations=39 (full 0):
 garbage-first heap   total 266240K, used 87844K [0x0000000780000000, 0x0000000800000000)
  region size 1024K, 1 young (1024K), 1 survivors (1024K)
 Metaspace       used 19716K, committed 20032K, reserved 1073152K
  class space    used 2029K, committed 2176K, reserved 1048576K
}
Event: 505.326 GC heap before
{Heap before GC invocations=39 (full 0):
 garbage-first heap   total 266240K, used 149284K [0x0000000780000000, 0x0000000800000000)
  region size 1024K, 32 young (32768K), 1 survivors (1024K)
 Metaspace       used 19716K, committed 20032K, reserved 1073152K
  class space    used 2029K, committed 2176K, reserved 1048576K
}
Event: 505.328 GC heap after
{Heap after GC invocations=40 (full 0):
 garbage-first heap   total 266240K, used 97285K [0x0000000780000000, 0x0000000800000000)
  region size 1024K, 2 young (2048K), 2 survivors (2048K)
 Metaspace       used 19716K, committed 20032K, reserved 1073152K
  class space    used 2029K, committed 2176K, reserved 1048576K
}
Event: 509.314 GC heap before
{Heap before GC invocations=40 (full 0):
 garbage-first heap   total 266240K, used 140293K [0x0000000780000000, 0x0000000800000000)
  region size 1024K, 24 young (24576K), 2 survivors (2048K)
 Metaspace       used 19716K, committed 20032K, reserved 1073152K
  class space    used 2029K, committed 2176K, reserved 1048576K
}
Event: 509.315 GC heap after
{Heap after GC invocations=41 (full 0):
 garbage-first heap   total 266240K, used 87703K [0x0000000780000000, 0x0000000800000000)
  region size 1024K, 1 young (1024K), 1 survivors (1024K)
 Metaspace       used 19716K, committed 20032K, reserved 1073152K
  class space    used 2029K, committed 2176K, reserved 1048576K
}
Event: 527.653 GC heap before
{Heap before GC invocations=41 (full 0):
 garbage-first heap   total 266240K, used 162455K [0x0000000780000000, 0x0000000800000000)
  region size 1024K, 45 young (46080K), 1 survivors (1024K)
 Metaspace       used 19896K, committed 20160K, reserved 1073152K
  class space    used 2032K, committed 2176K, reserved 1048576K
}
Event: 527.655 GC heap after
{Heap after GC invocations=42 (full 0):
 garbage-first heap   total 266240K, used 97946K [0x0000000780000000, 0x0000000800000000)
  region size 1024K, 2 young (2048K), 2 survivors (2048K)
 Metaspace       used 19896K, committed 20160K, reserved 1073152K
  class space    used 2032K, committed 2176K, reserved 1048576K
}
Event: 531.286 GC heap before
{Heap before GC invocations=42 (full 0):
 garbage-first heap   total 266240K, used 141978K [0x0000000780000000, 0x0000000800000000)
  region size 1024K, 25 young (25600K), 2 survivors (2048K)
 Metaspace       used 19896K, committed 20160K, reserved 1073152K
  class space    used 2032K, committed 2176K, reserved 1048576K
}
Event: 531.287 GC heap after
{Heap after GC invocations=43 (full 0):
 garbage-first heap   total 266240K, used 88546K [0x0000000780000000, 0x0000000800000000)
  region size 1024K, 2 young (2048K), 2 survivors (2048K)
 Metaspace       used 19896K, committed 20160K, reserved 1073152K
  class space    used 2032K, committed 2176K, reserved 1048576K
}
Event: 635.668 GC heap before
{Heap before GC invocations=43 (full 0):
 garbage-first heap   total 266240K, used 179682K [0x0000000780000000, 0x0000000800000000)
  region size 1024K, 62 young (63488K), 2 survivors (2048K)
 Metaspace       used 20172K, committed 20480K, reserved 1073152K
  class space    used 2037K, committed 2176K, reserved 1048576K
}
Event: 635.673 GC heap after
{Heap after GC invocations=44 (full 0):
 garbage-first heap   total 266240K, used 106981K [0x0000000780000000, 0x0000000800000000)
  region size 1024K, 10 young (10240K), 10 survivors (10240K)
 Metaspace       used 20172K, committed 20480K, reserved 1073152K
  class space    used 2037K, committed 2176K, reserved 1048576K
}

